[    0.000] Initializing cgroup subyspuset
[    0.000000] Initializing cgroup subsys cpu
[    0.000000] Initializing cgroup subsys cpuacct
[    0.000000] Linux version 4.4.0-97-generic (buildd@lcy01-33) (gcc version 5.4.0 20160609 (Ubuntu 5.4.0-6ubuntu1~16.04.4) ) #120-Ubuntu SMP Tue Sep 19 17:28:18 UTC 2017 (Ubuntu 4.4.0-97.120-generic 4.4.87)
[    0.000000] Command line: BOOT_IMAGE=/boot/vmlinuz-4.4.0-97-generic root=LABEL=cloudimg-rootfs ro console=tty1 console=ttyS0
[    0.000000] KERNEL supported cpus:
[    0.000000]   Intel GenuineIntel
[    0.000000]   AMD AuthenticAMD
[    0.000000]   Centaur CentaurHauls
[    0.000000] x86/fpu: Legacy x87 FPU detected.
[    0.000000] x86/fpu: Using 'lazy' FPU context switches.
[    0.000000] e820: BIOS-provided physical RAM map:
[    0.000000] BIOS-e820: [mem 0x0000000000000000-0x000000000009fbff] usable
[    0.000000] BIOS-e820: [mem 0x000000000009fc00-0x000000000009ffff] reserved
[    0.000000] BIOS-e820: [mem 0x00000000000f0000-0x00000000000fffff] reserved
[    0.000000] BIOS-e820: [mem 0x0000000000100000-0x000000003ffeffff] usable
[    0.000000] BIOS-e820: [mem 0x000000003fff0000-0x000000003fffffff] ACPI data
[    0.000000] BIOS-e820: [mem 0x00000000fffc0000-0x00000000ffffffff] reserved
[    0.000000] NX (Execute Disable) protection: active
[    0.000000] SMBIOS 2.5 present.
[    0.000000] e820: last_pfn = 0x3fff0 max_arch_pfn = 0x400000000
[    0.000000] MTRR: Disabled
[    0.000000] x86/PAT: MTRRs disabled, skipping PAT initialization too.
[    0.000000] CPU MTRRs all blank - virtualized system.
[    0.000000] x86/PAT: Configuration [0-7]: WB  WT  UC- UC  WB  WT  UC- UC  
[    0.000000] found SMP MP-table at [mem 0x0009fff0-0x0009ffff] mapped at [ffff88000009fff0]
[    0.000000] Scanning 1 areas for low memory corruption
[    0.000000] RAMDISK: [mem 0x36adc000-0x37565fff]
[    0.000000] ACPI: Early table checksum verification disabled
[    0.000000] ACPI: RSDP 0x00000000000E0000 000024 (v02 VBOX  )
[    0.000000] ACPI: XSDT 0x000000003FFF0030 00003C (v01 VBOX   VBOXXSDT 00000001 ASL  00000061)
[    0.000000] ACPI: FACP 0x000000003FFF00F0 0000F4 (v04 VBOX   VBOXFACP 00000001 ASL  00000061)
[    0.000000] ACPI: DSDT 0x000000003FFF0470 001BF1 (v01 VBOX   VBOXBIOS 00000002 INTL 20140214)
[    0.000000] ACPI: FACS 0x000000003FFF0200 000040
[    0.000000] ACPI: FACS 0x000000003FFF0200 000040
[    0.000000] ACPI: APIC 0x000000003FFF0240 00005C (v02 VBOX   VBOXAPIC 00000001 ASL  00000061)
[    0.000000] ACPI: SSDT 0x000000003FFF02A0 0001CC (v01 VBOX   VBOXCPUT 00000002 INTL 20140214)
[    0.000000] No NUMA configuration found
[    0.000000] Faking a node at [mem 0x0000000000000000-0x000000003ffeffff]
[    0.000000] NODE_DATA(0) allocated [mem 0x3ffeb000-0x3ffeffff]
[    0.000000] Zone ranges:
[    0.000000]   DMA      [mem 0x0000000000001000-0x0000000000ffffff]
[    0.000000]   DMA32    [mem 0x0000000001000000-0x000000003ffeffff]
[    0.000000]   Normal   empty
[    0.000000]   Device   empty
[    0.000000] Movable zone start for each node
[    0.000000] Early memory node ranges
[    0.000000]   node   0: [mem 0x0000000000001000-0x000000000009efff]
[    0.000000]   node   0: [mem 0x0000000000100000-0x000000003ffeffff]
[    0.000000] Initmem setup node 0 [mem 0x0000000000001000-0x000000003ffeffff]
[    0.000000] ACPI: PM-Timer IO Port: 0x4008
[    0.000000] IOAPIC[0]: apic_id 2, version 17, address 0xfec00000, GSI 0-23
[    0.000000] ACPI: INT_SRC_OVR (bus 0 bus_irq 0 global_irq 2 dfl dfl)
[    0.000000] ACPI: INT_SRC_OVR (bus 0 bus_irq 9 global_irq 9 high level)
[    0.000000] Using ACPI (MADT) for SMP configuration information
[    0.000000] smpboot: Allowing 2 CPUs, 0 hotplug CPUs
[    0.000000] PM: Registered nosave memory: [mem 0x00000000-0x00000fff]
[    0.000000] PM: Registered nosave memory: [mem 0x0009f000-0x0009ffff]
[    0.000000] PM: Registered nosave memory: [mem 0x000a0000-0x000effff]
[    0.000000] PM: Registered nosave memory: [mem 0x000f0000-0x000fffff]
[    0.000000] e820: [mem 0x40000000-0xfffbffff] available for PCI devices
[    0.000000] Booting paravirtualized kernel on bare hardware
[    0.000000] clocksource: refined-jiffies: mask: 0xffffffff max_cycles: 0xffffffff, max_idle_ns: 7645519600211568 ns
[    0.000000] setup_percpu: NR_CPUS:512 nr_cpumask_bits:512 nr_cpu_ids:2 nr_node_ids:1
[    0.000000] PERCPU: Embedded 34 pages/cpu @ffff88003fc00000 s98328 r8192 d32744 u1048576
[    0.000000] Built 1 zonelists in Node order, mobility grouping on.  Total pages: 257913
[    0.000000] Policy zone: DMA32
[    0.000000] Kernel command line: BOOT_IMAGE=/boot/vmlinuz-4.4.0-97-generic root=LABEL=cloudimg-rootfs ro console=tty1 console=ttyS0
[    0.000000] PID hash table entries: 4096 (order: 3, 32768 bytes)
[    0.000000] Memory: 1001808K/1048120K available (8480K kernel code, 1294K rwdata, 3984K rodata, 1492K init, 1316K bss, 46312K reserved, 0K cma-reserved)
[    0.000000] SLUB: HWalign=64, Order=0-3, MinObjects=0, CPUs=2, Nodes=1
[    0.000000] Hierarchical RCU implementation.
[    0.000000] 	Build-time adjustment of leaf fanout to 64.
[    0.000000] 	RCU restricting CPUs from NR_CPUS=512 to nr_cpu_ids=2.
[    0.000000] RCU: Adjusting geometry for rcu_fanout_leaf=64, nr_cpu_ids=2
[    0.000000] NR_IRQS:33024 nr_irqs:440 16
[    0.000000] Console: colour VGA+ 80x25
[    0.000000] console [tty1] enabled
[    0.000000] console [ttyS0] enabled
[    0.000000] tsc: Fast TSC calibration failed
[    0.000000] tsc: PIT calibration matches PMTIMER. 2 loops
[    0.000000] tsc: Detected 2395.124 MHz processor
[    0.012021] Calibrating delay loop (skipped), value calculated using timer frequency.. 4790.24 BogoMIPS (lpj=9580496)
[    0.016651] pid_max: default: 32768 minimum: 301
[    0.017514] ACPI: Core revision 20150930
[    0.019023] ACPI: 2 ACPI AML tables successfully acquired and loaded
[    0.020307] Security Framework initialized
[    0.021098] Yama: becoming mindful.
[    0.021860] AppArmor: AppArmor initialized
[    0.022746] Dentry cache hash table entries: 131072 (order: 8, 1048576 bytes)
[    0.024161] Inode-cache hash table entries: 65536 (order: 7, 524288 bytes)
[    0.026012] Mount-cache hash table entries: 2048 (order: 2, 16384 bytes)
[    0.028013] Mountpoint-cache hash table entries: 2048 (order: 2, 16384 bytes)
[    0.029401] Initializing cgroup subsys io
[    0.030188] Initializing cgroup subsys memory
[    0.032016] Initializing cgroup subsys devices
[    0.032857] Initializing cgroup subsys freezer
[    0.033720] Initializing cgroup subsys net_cls
[    0.034562] Initializing cgroup subsys perf_event
[    0.035415] Initializing cgroup subsys net_prio
[    0.036014] Initializing cgroup subsys hugetlb
[    0.036833] Initializing cgroup subsys pids
[    0.037936] CPU: Physical Processor ID: 0
[    0.038717] CPU: Processor Core ID: 0
[    0.039308] mce: CPU supports 0 MCE banks
[    0.040032] Last level iTLB entries: 4KB 64, 2MB 8, 4MB 8
[    0.041035] Last level dTLB entries: 4KB 64, 2MB 0, 4MB 0, 1GB 4
[    0.045305] Freeing SMP alternatives memory: 32K
[    0.056712] ftrace: allocating 32148 entries in 126 pages
[    0.064101] smpboot: APIC(0) Converting physical 0 to logical package 0
[    0.068011] smpboot: Max logical packages: 1
[    0.070046] ..TIMER: vector=0x30 apic1=0 pin1=2 apic2=-1 pin2=-1
[    0.116000] smpboot: CPU0: Intel(R) Core(TM) i7-5500U CPU @ 2.40GHz (family: 0x6, model: 0x3d, stepping: 0x4)
[    0.117528] Performance Events: unsupported p6 CPU model 61 no PMU driver, software events only.
[    0.120820] NMI watchdog: disabled (cpu0): hardware events not enabled
[    0.121937] NMI watchdog: Shutting down hard lockup detector on all cpus
[    0.123217] x86: Booting SMP configuration:
[    0.124007] .... node  #0, CPUs:      #1
[    0.016000] mce: CPU supports 0 MCE banks
[    0.135834] x86: Booted up 1 node, 2 CPUs
[    0.136007] smpboot: Total of 2 processors activated (9580.49 BogoMIPS)
[    0.137578] devtmpfs: initialized
[    0.140588] evm: security.selinux
[    0.141283] evm: security.SMACK64
[    0.142004] evm: security.SMACK64EXEC
[    0.143820] evm: security.SMACK64TRANSMUTE
[    0.144007] evm: security.SMACK64MMAP
[    0.144739] evm: security.ima
[    0.145410] evm: security.capability
[    0.146338] clocksource: jiffies: mask: 0xffffffff max_cycles: 0xffffffff, max_idle_ns: 7645041785100000 ns
[    0.148038] futex hash table entries: 512 (order: 3, 32768 bytes)
[    0.149424] pinctrl core: initialized pinctrl subsystem
[    0.150470] RTC time:  2:40:47, date: 02/27/18
[    0.152649] NET: Registered protocol family 16
[    0.172017] cpuidle: using governor ladder
[    0.188015] cpuidle: using governor menu
[    0.188973] PCCT header not found.
[    0.189761] ACPI: bus type PCI registered
[    0.190538] acpiphp: ACPI Hot Plug PCI Controller Driver version: 0.5
[    0.191725] PCI: Using configuration type 1 for base access
[    0.208365] ACPI: Added _OSI(Module Device)
[    0.212011] ACPI: Added _OSI(Processor Device)
[    0.216007] ACPI: Added _OSI(3.0 _SCP Extensions)
[    0.216837] ACPI: Added _OSI(Processor Aggregator Device)
[    0.218252] ACPI: Executed 1 blocks of module-level executable AML code
[    0.218770] ACPI: Interpreter enabled
[    0.219493] ACPI: (supports S0 S5)
[    0.220305] ACPI: Using IOAPIC for interrupt routing
[    0.221314] PCI: Using host bridge windows from ACPI; if necessary, use "pci=nocrs" and report a bug
[    0.225815] ACPI: PCI Root Bridge [PCI0] (domain 0000 [bus 00-ff])
[    0.226838] acpi PNP0A03:00: _OSC: OS supports [ASPM ClockPM Segments MSI]
[    0.227942] acpi PNP0A03:00: _OSC failed (AE_NOT_FOUND); disabling ASPM
[    0.232014] acpi PNP0A03:00: fail to add MMCONFIG information, can't access extended PCI configuration space under this bridge.
[    0.234246] PCI host bridge to bus 0000:00
[    0.236009] pci_bus 0000:00: root bus resource [io  0x0000-0x0cf7 window]
[    0.237099] pci_bus 0000:00: root bus resource [io  0x0d00-0xffff window]
[    0.238181] pci_bus 0000:00: root bus resource [mem 0x000a0000-0x000bffff window]
[    0.238899] pci_bus 0000:00: root bus resource [mem 0x40000000-0xffdfffff window]
[    0.238899] pci_bus 0000:00: root bus resource [bus 00-ff]
[    0.241017] pci 0000:00:01.1: legacy IDE quirk: reg 0x10: [io  0x01f0-0x01f7]
[    0.242145] pci 0000:00:01.1: legacy IDE quirk: reg 0x14: [io  0x03f6]
[    0.243395] pci 0000:00:01.1: legacy IDE quirk: reg 0x18: [io  0x0170-0x0177]
[    0.244015] pci 0000:00:01.1: legacy IDE quirk: reg 0x1c: [io  0x0376]
[    0.274907] ACPI: PCI Interrupt Link [LNKA] (IRQs 5 9 10 11) *0, disabled.
[    0.428071] ACPI: PCI Interrupt Link [LNKB] (IRQs 5 9 10 *11)
[    0.516884] ACPI: PCI Interrupt Link [LNKC] (IRQs 5 9 *10 11)
[    0.518343] ACPI: PCI Interrupt Link [LNKD] (IRQs 5 *9 10 11)
[    0.518343] ACPI: Enabled 2 GPEs in block 00 to 07
[    0.520223] vgaarb: setting as boot device: PCI:0000:00:02.0
[    0.521157] vgaarb: device added: PCI:0000:00:02.0,decodes=io+mem,owns=io+mem,locks=none
[    0.522565] vgaarb: loaded
[    0.524009] vgaarb: bridge control possible 0000:00:02.0
[    0.525168] SCSI subsystem initialized
[    0.525961] ACPI: bus type USB registered
[    0.525961] usbcore: registered new interface driver usbfs
[    0.525961] usbcore: registered new interface driver hub
[    0.528010] usbcore: registered new device driver usb
[    0.528064] PCI: Using ACPI for IRQ routing
[    0.528841] NetLabel: Initializing
[    0.528930] NetLabel:  domain hash size = 128
[    0.529707] NetLabel:  protocols = UNLABELED CIPSOv4
[    0.544026] NetLabel:  unlabeled traffic allowed by default
[    0.546050] amd_nb: Cannot enumerate AMD northbridges
[    0.548050] clocksource: Switched to clocksource refined-jiffies
[    0.556013] AppArmor: AppArmor Filesystem Enabled
[    0.556013] pnp: PnP ACPI init
[    0.556013] pnp: PnP ACPI: found 4 devices
[    0.571252] clocksource: acpi_pm: mask: 0xffffff max_cycles: 0xffffff, max_idle_ns: 2085701024 ns
[    0.764100] clocksource: Switched to clocksource acpi_pm
[    0.767258] NET: Registered protocol family 2
[    0.768179] TCP established hash table entries: 8192 (order: 4, 65536 bytes)
[    0.770581] TCP bind hash table entries: 8192 (order: 5, 131072 bytes)
[    0.771634] TCP: Hash tables configured (established 8192 bind 8192)
[    0.772706] UDP hash table entries: 512 (order: 2, 16384 bytes)
[    0.773680] UDP-Lite hash table entries: 512 (order: 2, 16384 bytes)
[    0.775808] NET: Registered protocol family 1
[    0.777718] pci 0000:00:00.0: Limiting direct PCI/PCI transfers
[    0.779805] pci 0000:00:01.0: Activating ISA DMA hang workarounds
[    0.793445] Unpacking initramfs...
[    2.471457] Freeing initrd memory: 10792K
[    2.477729] RAPL PMU detected, API unit is 2^-32 Joules, 4 fixed counters 10737418240 ms ovfl timer
[    2.580047] hw unit of domain pp0-core 2^-0 Joules
[    2.674195] hw unit of domain package 2^-0 Joules
[    2.675014] hw unit of domain dram 2^-0 Joules
[    2.675806] hw unit of domain pp1-gpu 2^-0 Joules
[    2.676744] platform rtc_cmos: registered platform RTC device (no PNP device found)
[    2.678316] Scanning for low memory corruption every 60 seconds
[    2.679650] audit: initializing netlink subsys (disabled)
[    2.680944] audit: type=2000 audit(1519699248.679:1): initialized
[    2.682238] Initialise system trusted keyring
[    2.683434] HugeTLB registered 2 MB page size, pre-allocated 0 pages
[    2.686188] zbud: loaded
[    2.687156] VFS: Disk quotas dquot_6.6.0
[    2.687929] VFS: Dquot-cache hash table entries: 512 (order 0, 4096 bytes)
[    2.689320] squashfs: version 4.0 (2009/01/31) Phillip Lougher
[    2.690959] fuse init (API version 7.23)
[    2.692127] Key type big_key registered
[    2.692904] Allocating IMA MOK and blacklist keyrings.
[    2.696856] Key type asymmetric registered
[    2.698721] Asymmetric key parser 'x509' registered
[    2.699605] Block layer SCSI generic (bsg) driver version 0.4 loaded (major 249)
[    2.701324] io scheduler noop registered
[    2.702059] io scheduler deadline registered (default)
[    2.703159] io scheduler cfq registered
[    2.703967] pci_hotplug: PCI Hot Plug PCI Core version: 0.5
[    2.704939] pciehp: PCI Express Hot Plug Controller Driver version: 0.4
[    2.706104] ACPI: AC Adapter [AC] (on-line)
[    2.706931] input: Power Button as /devices/LNXSYSTM:00/LNXPWRBN:00/input/input0
[    2.708001] ACPI: Power Button [PWRF]
[    2.708811] input: Sleep Button as /devices/LNXSYSTM:00/LNXSLPBN:00/input/input1
[    2.710145] ACPI: Sleep Button [SLPF]
[    2.711016] GHES: HEST is not enabled!
[    2.711624] ACPI: Battery Slot [BAT0] (battery present)
[    2.712847] Serial: 8250/16550 driver, 32 ports, IRQ sharing enabled
[    2.735941] 00:03: ttyS0 at I/O 0x3f8 (irq = 4, base_baud = 115200) is a 16550A
[    2.898387] Linux agpgart interface v0.103
[    2.905509] loop: module loaded
[    291562] scsi host0: ata_piix

[    3.045598] scsi host1: ata_piix
[    3.046346] ata1: PATA max UDMA/33 cmd 0x1f0 ctl 0x3f6 bmdma 0xd000 irq 14
[    3.047477] ata2: PATA max UDMA/33 cmd 0x170 ctl 0x376 bmdma 0xd008 irq 15
[    3.048780] libphy: Fixed MDIO Bus: probed
[    3.049629] tun: Universal TUN/TAP device driver, 1.6
[    3.050735] tun: (C) 1999-2004 Max Krasnyansky <maxk@qualcomm.com>
[    3.052066] PPP generic driver version 2.4.2
[    3.053049] ehci_hcd: USB 2.0 'Enhanced' Host Controller (EHCI) Driver
[    3.054141] ehci-pci: EHCI PCI platform driver
[    3.055009] ehci-platform: EHCI generic platform driver
[    3.055935] ohci_hcd: USB 1.1 'Open' Host Controller (OHCI) Driver
[    3.057082] ohci-pci: OHCI PCI platform driver
[    3.057945] ohci-platform: OHCI generic platform driver
[    3.058891] uhci_hcd: USB Universal Host Controller Interface driver
[    3.060109] i8042: PNP: PS/2 Controller [PNP0303:PS2K,PNP0f03:PS2M] at 0x60,0x64 irq 1,12
[    3.067614] serio: i8042 KBD port at 0x60,0x64 irq 1
[    3.068570] serio: i8042 AUX port at 0x60,0x64 irq 12
[    3.069804] mousedev: PS/2 mouse device common for all mice
[    3.071386] input: AT Translated Set 2 keyboard as /devices/platform/i8042/serio0/input/input2
[    3.073686] rtc_cmos rtc_cmos: rtc core: registered rtc_cmos as rtc0
[    3.077180] rtc_cmos rtc_cmos: alarms up to one day, 114 bytes nvram
[    3.078248] i2c /dev entries driver
[    3.079031] device-mapper: uevent: version 1.0.3
[    3.080130] device-mapper: ioctl: 4.34.0-ioctl (2015-10-28) initialised: dm-devel@redhat.com
[    3.081671] ledtrig-cpu: registered to indicate activity on CPUs
[    3.083702] NET: Registered protocol family 10
[    3.084970] NET: Registered protocol family 17
[    3.085836] Key type dns_resolver registered
[    3.087376] microcode: CPU0 sig=0x306d4, pf=0x2, revision=0x19
[    3.088689] microcode: CPU1 sig=0x306d4, pf=0x2, revision=0x19
[    3.089795] microcode: Microcode Update Driver: v2.01 <tigran@aivazian.fsnet.co.uk>, Peter Oruba
[    3.091882] registered taskstats version 1
[    3.092733] Loading compiled-in X.509 certificates
[    3.094181] Loaded X.509 cert 'Build time autogenerated kernel key: d1010f9627fd9242df4b03365d2931dfd1ad3d42'
[    3.095920] zswap: loaded using pool lzo/zbud
[    3.099262] Key type trusted registered
[    3.104887] Key type encrypted registered
[    3.106702] AppArmor: AppArmor sha1 policy hashing enabled
[    3.107613] ima: No TPM chip found, activating TPM-bypass!
[    3.108893] evm: HMAC attrs: 0x1
[    3.109869]   Magic number: 6:346:663
[    3.110885] rtc_cmos rtc_cmos: setting system clock to 2018-02-27 02:40:50 UTC (1519699250)
[    3.112223] BIOS EDD facility v0.16 2004-Jun-25, 0 devices found
[    3.113296] EDD information not available.
[    3.206597] Freeing unused kernel memory: 1492K
[    3.228427] Write protecting the kernel read-only data: 14336k
[    3.229960] Freeing unused kernel memory: 1748K
[    3.231529] Freeing unused kernel memory: 112K
Loading, please wait...
starting version[    3.246968] random: systemd-udevd: uninitialized urandom read (16 bytes read, 2 bits of entropy available)
 229
[    3.247568] random: udevadm: uninitialized urandom read (16 bytes read, 2 bits of entropy available)
[    3.247601] random: udevadm: uninitialized urandom read (16 bytes read, 2 bits of entropy available)
[    3.247742] random: udevadm: uninitialized urandom read (16 bytes read, 2 bits of entropy available)
[    3.247782] random: udevadm: uninitialized urandom read (16 bytes read, 2 bits of entropy available)
[    3.247824] random: udevadm: uninitialized urandom read (16 bytes read, 2 bits of entropy available)
[    3.247865] random: udevadm: uninitialized urandom read (16 bytes read, 2 bits of entropy available)
[    3.247904] random: udevadm: uninitialized urandom read (16 bytes read, 2 bits of entropy available)
[    3.247940] random: udevadm: uninitialized urandom read (16 bytes read, 2 bits of entropy available)
[    3.247983] random: udevadm: uninitialized urandom read (16 bytes read, 2 bits of entropy available)
[    3.280572] e1000: Intel(R) PRO/1000 Network Driver - version 7.3.21-k8-NAPI
[    3.286955] e1000: Copyright (c) 1999-2006 Intel Corporation.
[    3.288788] Fusion MPT base driver 3.04.20
[    3.294144] Copyright (c) 1999-2008 LSI Corporation
[    3.300413] Fusion MPT SPI Host driver 3.04.20
[    3.503342] input: ImExPS/2 Generic Explorer Mouse as /devices/platform/i8042/serio1/input/input4
[    3.643490] e1000 0000:00:03.0 eth0: (PCI:33MHz:32-bit) 02:14:68:3e:84:47
[    3.691645] e1000 0000:00:03.0 eth0: Intel(R) PRO/1000 Network Connection
[    3.692795] tsc: Refined TSC clocksource calibration: 2395.105 MHz
[    3.693798] clocksource: tsc: mask: 0xffffffffffffffff max_cycles: 0x2286272bf7c, max_idle_ns: 440795245441 ns
[    3.701235] mptbase: ioc0: Initiating bringup
[    3.701286] e1000 0000:00:03.0 enp0s3: renamed from eth0
[    3.988306] ioc0: LSI53C1030 A0: Capabilities={Initiator}
[    4.170396] scsi host2: ioc0: LSI53C1030 A0, FwRev=00000000h, Ports=1, MaxQ=256, IRQ=20
[    4.492795] scsi 2:0:0:0: Direct-Access     VBOX     HARDDISK         1.0  PQ: 0 ANSI: 5
[    4.716977] clocksource: Switched to clocksource tsc
[    4.717057] scsi target2:0:0: Beginning Domain Validation
[    4.718630] scsi target2:0:0: Domain Validation skipping write tests
[    4.718633] scsi target2:0:0: Ending Domain Validation
[    4.718692] scsi target2:0:0: asynchronous
[    4.719091] scsi 2:0:1:0: Direct-Access     VBOX     HARDDISK         1.0  PQ: 0 ANSI: 5
[    4.719097] scsi target2:0:1: Beginning Domain Validation
[    4.720121] scsi target2:0:1: Domain Validation skipping write tests
[    4.720124] scsi target2:0:1: Ending Domain Validation
[    4.720169] scsi target2:0:1: asynchronous
[    4.731945] sd 2:0:0:0: Attached scsi generic sg0 type 0
[    4.733131] sd 2:0:0:0: [sda] 20971520 512-byte logical blocks: (10.7 GB/10.0 GiB)
[    4.733316] sd 2:0:1:0: Attached scsi generic sg1 type 0
[    4.733484] sd 2:0:1:0: [sdb] 20480 512-byte logical blocks: (10.5 MB/10.0 MiB)
[    4.733662] sd 2:0:1:0: [sdb] Write Protect is off
[    4.733772] sd 2:0:1:0: [sdb] Incomplete mode parameter data
[    4.733775] sd 2:0:1:0: [sdb] Assuming drive cache: write through
[    4.740580] sd 2:0:0:0: [sda] Write Protect is off
[    4.741659] sd 2:0:0:0: [sda] Incomplete mode parameter data
[    4.742784] sd 2:0:0:0: [sda] Assuming drive cache: write through
[    4.778750]  sda: sda1
[    4.779708] sd 2:0:1:0: [sdb] Attached SCSI disk
[    4.782270] sd 2:0:0:0: [sda] Attached SCSI disk
[    6.296324] floppy0: no floppy controllers found
Begin: Loading e[    8.065729] md: linear personality registered for level -1
ssential drivers ... [    8.072105] md: multipath personality registered for level -4
[    8.076980] md: raid0 personality registered for level 0
[    8.083237] md: raid1 personality registered for level 1
[    8.162474] raid6: sse2x1   gen() 10375 MB/s
[    8.302119] raid6: sse2x1   xor()  7749 MB/s
[    8.474567] raid6: sse2x2   gen() 11425 MB/s
[    8.562488] raid6: sse2x2   xor()  7135 MB/s
[    8.734375] raid6: sse2x4   gen() 14620 MB/s
[    8.902424] raid6: sse2x4   xor() 10258 MB/s
[    9.007787] raid6: using algorithm sse2x4 gen() 14620 MB/s
[    9.097701] raid6: .... xor() 10258 MB/s, rmw enabled
[    9.098751] raid6: using ssse3x2 recovery algorithm
[    9.101014] xor: measuring software checksum speed
[    9.140031]    prefetch64-sse: 19394.000 MB/sec
[    9.228036]    generic_sse: 16609.000 MB/sec
[    9.234186] xor: using function: prefetch64-sse (19394.000 MB/sec)
[    9.236532] async_tx: api initialized (async)
[    9.245535] md: raid6 personality registered for level 6
[    9.394663] md: raid5 personality registered for level 5
[    9.513245] md: raid4 personality registered for level 4
[    9.519888] md: raid10 personality registered for level 10
done.
Begin: Running /scripts/init-premount ... done.
Begin: Mounting root file system ... Begin: Running /scripts/local-top ... done.
Begin: Running /scripts/local-premount ... [    9.562196] Btrfs loaded
Scanning for Btrfs filesystems
done.
Warning: fsck no[    9.737366] EXT4-fs (sda1): INFO: recovery required on readonly filesystem
t present, so skipping root file system
[    9.901205] EXT4-fs (sda1): write access will be enabled during recovery
[   10.018507] EXT4-fs (sda1): recovery complete
[   11.636688] EXT4-fs (sda1): mounted filesystem with ordered data mode. Opts: (null)
[   14.993825] clocksource: timekeeping watchdog: Marking clocksource 'tsc' as unstable because the skew is too large:
[   14.993828] clocksource:                       'acpi_pm' wd_now: 64c576 wd_last: ad971b mask: ffffff
[   14.993830] clocksource:                       'tsc' cs_now: b7bd1d9f9 cs_last: 99d09d6e9 mask: ffffffffffffffff
[   17.393767] clocksource: Switched to clocksource acpi_pm
done.
Begin: Running /scripts/local-bottom ... done.
Begin: Running /scripts/init-bottom ... done.
[   17.973220] random: nonblocking pool is initialized
[   18.124693] systemd[1]: systemd 229 running in system mode. (+PAM +AUDIT +SELINUX +IMA +APPARMOR +SMACK +SYSVINIT +UTMP +LIBCRYPTSETUP +GCRYPT +GNUTLS +ACL +XZ -LZ4 +SECCOMP +BLKID +ELFUTILS +KMOD -IDN)
[   18.163844] systemd[1]: Detected virtualization oracle.
[   18.164782] systemd[1]: Detected architecture x86-64.

Welcome to [1mUbuntu 16.04.3 LTS[0m!

[   18.218960] systemd[1]: Set hostname to <ubuntu-xenial>.
[   20.052544] systemd[1]: Listening on LVM2 poll daemon socket.
[[0;32m  OK  [0m] Listening on LVM2 poll daemon socket.
[   20.096339] systemd[1]: Reached target Swap.
[[0;32m  OK  [0m] Reached target Swap.
[   20.132352] systemd[1]: Listening on Journal Socket (/dev/log).
[[0;32m  OK  [0m] Listening on Journal Socket (/dev/log).
[   20.150904] systemd[1]: Listening on udev Control Socket.
[[0;32m  OK  [0m] Listening on udev Control Socket.
[   20.164856] systemd[1]: Created slice System Slice.
[[0;32m  OK  [0m] Created slice System Slice.
[   20.177697] systemd[1]: Started Trigger resolvconf update for networkd DNS.
[[0;32m  OK  [0m] Started Trigger resolvconf update for networkd DNS.
[   20.2815] systemd[1]: Listening o/dv/ittl Compatibility Named Pipe.
[[0;32m  OK  [0m] Listening on /dev/initctl Compatibility Named Pipe.
[   20.807587] systemd[1]: Listening on Journal Socket.
[[0;32m  OK  [0m] Listening on Journal Socket.
[   20.824842] systemd[1]: Starting Remount Root and Kernel File Systems...
         Starting Remount Root and Kernel File Systems...
[   20.846752] systemd[1]: Mounting POSIX Message Queue File System...
         Mounting POSIX Message Queue File System...
[   20.933122] systemd[1]: Started Forward Password Requests to Wall Directory Watch.
[[0;32m  OK  [0m] Started Forward Password Requests to Wall Directory Watch.
[   20.970005] systemd[1]: Starting Uncomplicated firewall...
         Starting Uncomplicated firewall...
[   21.015438] systemd[1]: Reached target Encrypted Volumes.
[[0;32m  OK  [0m] Reached target Encrypted Volumes.
[   21.056280] systemd[1]: Mounting Huge Pages File System...
         Mounting Huge Pages File System...
[   21.068428] systemd[1]: Listening on Device-mapper event daemon FIFOs.
[[0;32m  OK  [0m] Listening on Device-mapper event daemon FIFOs.
[   21.093080] EXT4-fs (sda1): re-mounted. Opts: (null)
[   21.132395] systemd[1]: Starting Load Kernel Modules...
         Starting Load Kernel Modules...
[   21.145147] systemd[1]: Created slice User and Session Slice.
[[0;32m  OK  [0m] Created slice User and Session Slice.
[   21.149002] systemd[1]: Reached target Slices.
[[0;32m  OK  [0m] Reached target Slices.
[   21.161247] systemd[1]: Starting Nameserver information manager...
         Starting Nameserver information manager...
[   21.210918] systemd[1]: Mounting Debug File System...
         Mounting Debug File System...
[   21.227813] systemd[1]: Listening on Journal Audit Socket.
[[0;32m  OK  [0m] Listening on Journal Audit Socket.
[   21.256103] systemd[1]: Starting Create list of required static device nodes for the current kernel...
         Starting Create list of required st... nodes for the current kernel...
[   21.287029] systemd[1]: Listening on LVM2 metadata daemon socket.
[[0;32m  OK  [0m] Listening on LVM2 metadata daemon socket.
[   21.298539] systemd[1]: Listening on Syslog Socket.
[[0;32m  OK  [0m] Listening on Syslog Socket.
[   21.322555] systemd[1]: Starting Journal Service...
[   21.322999] Loading iSCSI transport class v2.0-870.
         Starting Journal Service...
[   21.331663] systemd[1]: Reached target User and Group Name Lookups.
[[0;32m  OK  [0m] Reached target User and Group Name Lookups.
[   21.368500] systemd[1]: Listening on udev Kernel Socket.
[[0;32m  OK  [0m] Listening on udev Kernel Socket.
[   21.428115] iscsi: registered transport (tcp)
[   21.448500] systemd[1]: Starting Monitoring of LVM2 mirrors, snapshots etc. using dmeventd or progress polling...
         Starting Monitoring of LVM2 mirrors... dmeventd or progress polling...
[   21.503632] systemd[1]: Set up automount Arbitrary Executable File Formats File System Automount Point.
[[0;32m  OK  [0m] Set up automount Arbitrary Executab...ats File System Automount Point.
[   21.582779] systemd[1]: Created slice system-serial\x2dgetty.slice.
[[0;32m  OK  [0m] Created slice system-serial\x2dgetty.slice.
[   21.648480] systemd[1]: Starting Set console keymap...
         Starting Set console keymap...
[   21.714964] systemd[1]: Mounted Debug File System.
[[0;32m  OK  [0m] Mounted Debug File System.
[   21.728538] systemd[1]: Mounted Huge Pages File System.
[[0;32m  OK  [0m] Mounted Huge Pages File System.
[   21.763545] systemd[1]: Mounted POSIX Message Queue File System.
[[0;32m  OK  [0m] Mounted POSIX Message Queue File System.
[   21.797212] systemd[1]: Started Remount Root and Kernel File Systems.
[[0;32m  OK  [0m] Started Remount Root and Kernel File Systems.
[   21.822902] systemd[1]: Started Uncomplicated firewall.
[[0;32m  OK  [0m] Started Uncomplicated firewall.
[   21.891932] systemd[1]: Started Create list of required static device nodes for the current kernel.
[[0;32m  OK  [0m] Started Create list of required sta...ce nodes for the current kernel.
[   21.931377] systemd[1]: Started Journal Service.
[[0;32m  OK  [0m] Started Journal Service.
         Starting Create Static Device Nodes in /dev...
         Starting Flush Journal to Persistent Storage...
         Starting udev Coldplug all Devices...
         Starting Load/Save Random Seed...
         Starting Initial cloud-init job (pre-networking)...
[[0;32m  OK  [0m] Started Nameserver information manager.
[   22.241984] iscsi: registered transport (iser)
[   22.247577] systemd-journald[379]: Received request to flush runtime journal from PID 1
[[0;32m  OK  [0m] Started Load Kernel Modules.
         Mounting FUSE Control File System...
         Starting Apply Kernel Variables...
[[0;32m  OK  [0m] Mounted FUSE Control File System.
[[0;32m  OK  [0m] Started Set console keymap.
[[0;32m  OK  [0m] Started LVM2 metadata daemon.
[[0;32m  OK  [0m] Started Flush Journal to Persistent Storage.
[[0;32m  OK  [0m] Started Load/Save Random Seed.
[[0;32m  OK  [0m] Started udev Coldplug all Devices.
[[0;32m  OK  [0m] Started Apply Kernel Variables.
[[0;32m  OK  [0m] Started Create Static Device Nodes in /dev.
         Starting udev Kernel Device Manager...
[[0;32m  OK  [0m] Started Monitoring of LVM2 mirrors,...ng dmeventd or progress polling.
[[0;32m  OK  [0m] Started udev Kernel Device Manager.
[[0;32m  OK  [0m] Reached target Local File Systems (Pre).
[[0;32m  OK  [0m] Reached target Local File Systems.
         Starting Set console font and keymap...
         Starting Create Volatile Files and Directories...
         Starting Tell Plymouth To Write Out Runtime Data...
         Starting LSB: AppArmor initialization...
[[0;32m  OK  [0m] Started Dispatch Password Requests to Console Directory Watch.
[[0;32m  OK  [0m] Started Tell Plymouth To Write Out Runtime Data.
[[0;32m  OK  [0m] Started Create Volatile Files and Directories.
         Starting Update UTMP about System Boot/Shutdown...
[[0;32m  OK  [0m] Reached target System Time Synchronized.
[[0;32m  OK  [0m] Started Update UTMP about System Boot/Shutdown.
[[0;32m  OK  [0m] Found device /dev/ttyS0.
[[0;32m  OK  [0m] Started Set console font and keymap.
[[0;32m  OK  [0m] Created slice system-getty.slice.
[[0;32m  OK  [0m] Found device 82540EM Gigabit Ethern...r (PRO/1000 MT Desktop Adapter).
[[0;32m  OK  [0m] Listening on Load/Save RF Kill Switch Status /dev/rfkill Watch.
[[0;32m  OK  [0m] Started LSB: AppArmor initialization.
[   33.859456] cloud-init[414]: Cloud-init v. 0.7.9 running 'init-local' at Tue, 27 Feb 2018 02:41:20 +0000. Up 33.25 seconds.
[[0;32m  OK  [0m] Started Initial cloud-init job (pre-networking).
[[0;32m  OK  [0m] Reached target Network (Pre).
         Starting Raise network interfaces...
[[0;32m  OK  [0m] Started ifup for enp0s3.
[[0;32m  OK  [0m] Started Raise network interfaces.
[[0;32m  OK  [0m] Reached target Network.
         Starting Initial cloud-init job (metadata service crawler)...
[   35.423108] cloud-init[953]: Cloud-init v. 0.7.9 running 'init' at Tue, 27 Feb 2018 02:41:22 +0000. Up 34.63 seconds.
[[0;32m  OK  [0m] Started Initial cloud-init job (metadata service crawler).
[   35.489342] cloud-init[953]: ci-info: +++++++++++++++++++++++++++++++++++++Net device info++++++++++++++++++++++++++++++++++++++
[   35.552505] cloud-init[953]: ci-info: +--------+------+----------------------------+---------------+-------+-------------------+
[   35.552783] cloud-init[953]: ci-info: | Device |  Up  |          Address           |      Mask     | Scope |     Hw-Address    |
[   35.552927] cloud-init[953]: ci-info: +--------+------+----------------------------+---------------+-------+-------------------+
[   35.553081] cloud-init[953]: ci-info: |   lo   | True |         127.0.0.1          |   255.0.0.0   |   .   |         .         |
[   35.553233] cloud-init[953]: ci-info: |   lo   | True |          ::1/128           |       .       |  host |         .         |
[   35.553377] cloud-init[953]: ci-info: | enp0s3 | True |         10.0.2.15          | 255.255.255.0 |   .   | 02:14:68:3e:84:47 |
[   35.553641] cloud-init[953]: ci-info: | enp0s3 | True | fe80::14:68ff:fe3e:8447/64 |       .       |  link | 02:14:68:3e:84:47 |
[   35.553684] cloud-init[953]: ci-info: +--------+------+----------------------------+---------------+-------+-------------------+
[   35.553724] cloud-init[953]: ci-info: +++++++++++++++++++++++++++Route IPv4 info++++++++++++++++++++++++++++
[   35.553768] cloud-init[953]: ci-info: +-------+-------------+----------+---------------+-----------+-------+
[[0;32m  OK  [0m] Reached target System Initialization.
[[0;32m  OK  [0m] Started Timer to automatically refresh installed snaps.
[[0;32m  OK  [0m] Started Daily Cleanup of Temporary Directories.
[   35.553813] cloud-init[953]: ci-info: | Route | Destination | Gateway  |    Genmask    | Interface | Flags |
[[   36.135955] cloud-init[953]: ci-info: +-------+-------------+----------+---------------+-----------+-------+
[   36.136392] cloud-init[953]: ci-info: |   0   |   0.0.0.0   | 10.0.2.2 |    0.0.0.0    |   enp0s3  |   UG  |
[   36.136521] cloud-init[953]: ci-info: |   1   |   10.0.2.0  | 0.0.0.0  | 255.255.255.0 |   enp0s3  |   U   |
[   36.136669] cloud-init[953]: ci-info: +-------+-------------+----------+---------------+-----------+-------+
[0;32m  OK  [0m] Listening on D-Bus System Message Bus Socket.
[[0;32m  OK  [0m] Started ACPI Events Check.
[[0;32m  OK  [0m] Reached target Paths.
         Starting LXD - unix socket.
[[0;32m  OK  [0m] Listening on UUID daemon activation socket.
[[0;32m  OK  [0m] Started Timer to automatically fetch and run repair assertions.
[[0;32m  OK  [0m] Listening on ACPID Listen Socket.
         Starting Socket activation for snappy daemon.
[[0;32m  OK  [0m] Reached target Cloud-config availability.
[[0;32m  OK  [0m] Reached target Network is Online.
[[0;32m  OK  [0m] Started Daily apt download activities.
[[0;32m  OK  [0m] Started Daily apt upgrade and clean activities.
[[0;32m  OK  [0m] Reached target Timers.
         Starting iSCSI initiator daemon (iscsid)...
[[0;32m  OK  [0m] Listening on LXD - unix socket.
[[0;32m  OK  [0m] Listening on Socket activation for snappy daemon.
[[0;32m  OK  [0m] Reached target Sockets.
[[0;32m  OK  [0m] Reached target Basic System.
         Starting Automatically fetch and run repair assertions...
         Starting LSB: Record successful boot for GRUB...
[[0;32m  OK  [0m] Started Regular background program processing daemon.
         Starting /etc/rc.local Compatibility...
[[0;32m  OK  [0m] Started FUSE filesystem for LXC.
         Starting Apply the settings specified in cloud-config...
         Starting Snappy daemon...
         Starting LSB: MD monitoring daemon...
[[0;32m  OK  [0m] Started ACPI event daemon.
         Starting Login Service...
[[0;32m  OK  [0m] Started Deferred execution scheduler.
         Starting OpenBSD Secure Shell server...
[[0;32m  OK  [0m] Started Unattended Upgrades Shutdown.
[[0;32m  OK  [0m] Started D-Bus System Message Bus.
[   37.550222] cloud-init[1026]: Cloud-init v. 0.7.9 running 'modules:config' at Tue, 27 Feb 2018 02:41:24 +0000. Up 36.87 seconds.
         Starting System Logging Service...
         Starting Accounts Service...
         Starting LXD - container startup/shutdown...
[[0;32m  OK  [0m] Started OpenBSD Secure Shell server.
[[0;32m  OK  [0m] Started iSCSI initiator daemon (iscsid).
[[0;32m  OK  [0m] Started Automatically fetch and run repair assertions.
[[0;32m  OK  [0m] Started /etc/rc.local Compatibility.
[[0;32m  OK  [0m] Started Apply the settings specified in cloud-config.
         Starting Login to default iSCSI targets...
[[0;32m  OK  [0m] Started Login Service.
[[0;32m  OK  [0m] Started LSB: Record successful boot for GRUB.
[[0;32m  OK  [0m] Started LSB: MD monitoring daemon.
[[0;32m  OK  [0m] Started Login to default iSCSI targets.
[[0;32m  OK  [0m] Reached target Remote File Systems (Pre).
[[0;32m  OK  [0m] Reached target Remote File Systems.
         Starting LSB: Set the CPU Frequency Scaling governor to "ondemand"...
         Starting LSB: VirtualBox Linux Additions...
         Starting Permit User Sessions...
         Starting LSB: daemon to balance interrupts for SMP systems...
         Starting LSB: automatic crash report generation...
[[0;32m  OK  [0m] Started System Logging Service.
[[0;32m  OK  [0m] Started Permit User Sessions.
[[0;32m  OK  [0m] Started LSB: Set the CPU Frequency Scaling governor to "ondemand".
         Starting Hold until boot process finishes up...
         Starting Terminate Plymouth Boot Screen...
[[0;32m  OK  [0m] Started Hold until boot process finishes up.
[[0;32m  OK  [0m] Started Terminate Plymouth Boot Screen.
         Starting Set console scheme...
[[0;32m  OK  [0m] Started Serial Getty on ttyS0.
[[0;32m  OK  [0m] Started Getty on tty1.
[[0;32m  OK  [0m] Reached target Login Prompts.
[[0;32m  OK  [0m] Started LSB: daemon to balance interrupts for SMP systems.
[[0;32m  OK  [0m] Started LSB: automatic crash report generation.
[[0;32m  OK  [0m] Started Set console scheme.
         Starting Authenticate and Authorize Users to Run Privileged Tasks...
[[0;32m  OK  [0m] Started LSB: VirtualBox Linux Additions.
[[0;32m  OK  [0m] Started Authenticate and Authorize Users to Run Privileged Tasks.
[[0;32m  OK  [0m] Started Accounts Service.
[[0;32m  OK  [0m] Started Snappy daemon.
         Starting Auto import assertions from block devices...
[[0;32m  OK  [0m] Started Auto import assertions from block devices.
[[0;32m  OK  [0m] Started LXD - container startup/shutdown.
[[0;32m  OK  [0m] Reached target Multi-User System.
         Starting Execute cloud user/final scripts...
[[0;32m  OK  [0m] Reached target Graphical Interface.
         Starting Update UTMP about System Runlevel Changes...
[[0;32m  OK  [0m] Started Update UTMP about System Runlevel Changes.
[   40.863297] cloud-init[1190]: Cloud-init v. 0.7.9 running 'modules:final' at Tue, 27 Feb 2018 02:41:28 +0000. Up 40.70 seconds.
[   40.953396] cloud-init[1190]: Cloud-init v. 0.7.9 finished at Tue, 27 Feb 2018 02:41:28 +0000. Datasource DataSourceNoCloud [seed=/dev/sdb][dsmode=net].  Up 40.85 seconds
[[0;32m  OK  [0m] Started Execute cloud user/final scripts.
         Starting Daily apt download activities...
[[0;32m  OK  [0m] Reached target Cloud-init target.

Ubuntu 16.04.3 LTS ubuntu-xenial ttyS0

ubuntu-xenial login: [  OK  ] Started ACPI event daemon.
[  OK  ] Started Trigger resolvconf update for networkd DNS.
[  OK  ] Started ACPI event daemon.
[  OK  ] Started ACPI event daemon.
[  OK  ] Started ACPI event daemon.
[  OK  ] Closed Unix socket for apport crash forwarding.
[  OK  ] Started ACPI event daemon.
         Stopping LSB: automatic crash report generation...
[  OK  ] Stopped LSB: automatic crash report generation.
[  OK  ] Started ACPI event daemon.
[  OK  ] Started ACPI event daemon.
[  OK  ] Started ACPI event daemon.
         Stopping udev Kernel Device Manager...
[  OK  ] Stopped udev Kernel Device Manager.
[  OK  ] Started ACPI event daemon.
[  OK  ] Started ACPI event daemon.
[  OK  ] Stopped udev Kernel Device Manager.
         Starting udev Kernel Device Manager...
[  OK  ] Started udev Kernel Device Manager.
[  OK  ] Started ACPI event daemon.
[  OK  ] Started ACPI event daemon.
[  OK  ] Started ACPI event daemon.
         Stopping OpenBSD Secure Shell server...
[  OK  ] Stopped OpenBSD Secure Shell server.
         Starting OpenBSD Secure Shell server...
[  OK  ] Started OpenBSD Secure Shell server.
[  OK  ] Started ACPI event daemon.
[  OK  ] Started ACPI event daemon.
[  OK  ] Started ACPI event daemon.
[  OK  ] Started ACPI event daemon.
         Starting LSB: automatic crash report generation...
[  OK  ] Started LSB: automatic crash report generation.
[  OK  ] Started ACPI event daemon.
[  OK  ] Started ACPI event daemon.
[  OK  ] Started Daily apt upgrade and clean activities.
